<?xml version="1.0" encoding="UTF-8"?>
<!-- Generated by org.testng.reporters.JUnitXMLReporter -->
<testsuite hostname="IL-MHADAR" ignored="0" name="Test" tests="15" failures="1" timestamp="2022-11-30T09:57:08 IST" time="118.388" errors="0">
  <testcase name="tc05_destinationTest" time="2.249" classname="tests.DestinationTest"/>
  <testcase name="tc06_destinationTest" time="2.154" classname="tests.DestinationTest">
    <failure type="java.lang.AssertionError" message="Wrong page expected [ExploreGeneva] but found [Explore Geneva]">
      <![CDATA[java.lang.AssertionError: Wrong page expected [ExploreGeneva] but found [Explore Geneva]
at tests.DestinationTest.tc06_destinationTest(DestinationTest.java:45)
at java.util.ArrayList.forEach(ArrayList.java:1259)
... Removed 36 stack frames]]>
    </failure>
  </testcase> <!-- tc06_destinationTest -->
  <testcase name="tc01_login" time="0.336" classname="tests.LoginTest"/>
  <testcase name="tc02_login" time="0.229" classname="tests.LoginTest"/>
  <testcase name="tc03_login" time="2.013" classname="tests.LoginTest"/>
  <testcase name="tc04_login" time="1.618" classname="tests.LoginTest"/>
  <testcase name="tc07_PlaningTest" time="0.498" classname="tests.PlaningFlowTest"/>
  <testcase name="tc08_planningTest" time="1.693" classname="tests.PlaningFlowTest"/>
  <testcase name="tc09_planningTest" time="5.698" classname="tests.PlaningFlowTest"/>
  <testcase name="tc10_planningTest" time="1.854" classname="tests.PlaningFlowTest"/>
  <testcase name="tc11_planningTest" time="17.61" classname="tests.PlaningFlowTest"/>
  <testcase name="tc12_planningTest" time="2.523" classname="tests.PlaningFlowTest"/>
  <testcase name="tc13_planningTest" time="2.635" classname="tests.PlaningFlowTest"/>
  <testcase name="tc14_planningTest" time="0.104" classname="tests.PlaningFlowTest"/>
  <testcase name="tc15_PlanningTest" time="9.41" classname="tests.PlaningFlowTest"/>
</testsuite> <!-- Test -->
