<?xml version="1.0" encoding="UTF-8"?>
<testng-results skipped="0" failed="1" ignored="0" total="15" passed="14">
  <reporter-output>
  </reporter-output>
  <suite name="Suite" duration-ms="118388" started-at="2022-11-30T09:55:10 IST" finished-at="2022-11-30T09:57:08 IST">
    <groups>
    </groups>
    <test name="Test" duration-ms="118388" started-at="2022-11-30T09:55:10 IST" finished-at="2022-11-30T09:57:08 IST">
      <class name="tests.LoginTest">
        <test-method status="PASS" signature="setup()[pri:0, instance:tests.LoginTest@67427b69]" name="setup" is-config="true" duration-ms="19934" started-at="2022-11-30T09:55:36 IST" finished-at="2022-11-30T09:55:56 IST">
          <reporter-output>
          </reporter-output>
        </test-method> <!-- setup -->
        <test-method status="PASS" signature="tc01_login()[pri:0, instance:tests.LoginTest@67427b69]" name="tc01_login" duration-ms="336" started-at="2022-11-30T09:55:56 IST" finished-at="2022-11-30T09:55:57 IST">
          <reporter-output>
          </reporter-output>
        </test-method> <!-- tc01_login -->
        <test-method status="PASS" signature="failedTest(org.testng.ITestResult)[pri:0, instance:tests.LoginTest@67427b69]" name="failedTest" is-config="true" duration-ms="314" started-at="2022-11-30T09:55:57 IST" finished-at="2022-11-30T09:55:57 IST">
          <params>
            <param index="0">
              <value>
                <![CDATA[[TestResult name=tc01_login status=SUCCESS method=LoginTest.tc01_login()[pri:0, instance:tests.LoginTest@67427b69] output={null}]]]>
              </value>
            </param>
          </params>
          <reporter-output>
          </reporter-output>
        </test-method> <!-- failedTest -->
        <test-method status="PASS" signature="tc02_login()[pri:0, instance:tests.LoginTest@67427b69]" name="tc02_login" duration-ms="229" started-at="2022-11-30T09:55:57 IST" finished-at="2022-11-30T09:55:57 IST">
          <reporter-output>
          </reporter-output>
        </test-method> <!-- tc02_login -->
        <test-method status="PASS" signature="failedTest(org.testng.ITestResult)[pri:0, instance:tests.LoginTest@67427b69]" name="failedTest" is-config="true" duration-ms="289" started-at="2022-11-30T09:55:57 IST" finished-at="2022-11-30T09:55:57 IST">
          <params>
            <param index="0">
              <value>
                <![CDATA[[TestResult name=tc02_login status=SUCCESS method=LoginTest.tc02_login()[pri:0, instance:tests.LoginTest@67427b69] output={null}]]]>
              </value>
            </param>
          </params>
          <reporter-output>
          </reporter-output>
        </test-method> <!-- failedTest -->
        <test-method status="PASS" signature="tc03_login()[pri:0, instance:tests.LoginTest@67427b69]" name="tc03_login" duration-ms="2013" started-at="2022-11-30T09:55:57 IST" finished-at="2022-11-30T09:55:59 IST">
          <reporter-output>
          </reporter-output>
        </test-method> <!-- tc03_login -->
        <test-method status="PASS" signature="failedTest(org.testng.ITestResult)[pri:0, instance:tests.LoginTest@67427b69]" name="failedTest" is-config="true" duration-ms="289" started-at="2022-11-30T09:55:59 IST" finished-at="2022-11-30T09:56:00 IST">
          <params>
            <param index="0">
              <value>
                <![CDATA[[TestResult name=tc03_login status=SUCCESS method=LoginTest.tc03_login()[pri:0, instance:tests.LoginTest@67427b69] output={null}]]]>
              </value>
            </param>
          </params>
          <reporter-output>
          </reporter-output>
        </test-method> <!-- failedTest -->
        <test-method status="PASS" signature="tc04_login()[pri:0, instance:tests.LoginTest@67427b69]" name="tc04_login" duration-ms="1618" started-at="2022-11-30T09:56:00 IST" finished-at="2022-11-30T09:56:01 IST">
          <reporter-output>
          </reporter-output>
        </test-method> <!-- tc04_login -->
        <test-method status="PASS" signature="failedTest(org.testng.ITestResult)[pri:0, instance:tests.LoginTest@67427b69]" name="failedTest" is-config="true" duration-ms="508" started-at="2022-11-30T09:56:01 IST" finished-at="2022-11-30T09:56:02 IST">
          <params>
            <param index="0">
              <value>
                <![CDATA[[TestResult name=tc04_login status=SUCCESS method=LoginTest.tc04_login()[pri:0, instance:tests.LoginTest@67427b69] output={null}]]]>
              </value>
            </param>
          </params>
          <reporter-output>
          </reporter-output>
        </test-method> <!-- failedTest -->
      </class> <!-- tests.LoginTest -->
      <class name="tests.DestinationTest">
        <test-method status="PASS" signature="setup()[pri:0, instance:tests.DestinationTest@70ab80e3]" name="setup" is-config="true" duration-ms="21594" started-at="2022-11-30T09:55:10 IST" finished-at="2022-11-30T09:55:31 IST">
          <reporter-output>
          </reporter-output>
        </test-method> <!-- setup -->
        <test-method status="PASS" signature="tc05_destinationTest()[pri:0, instance:tests.DestinationTest@70ab80e3]" name="tc05_destinationTest" duration-ms="2249" started-at="2022-11-30T09:55:31 IST" finished-at="2022-11-30T09:55:33 IST">
          <reporter-output>
          </reporter-output>
        </test-method> <!-- tc05_destinationTest -->
        <test-method status="PASS" signature="failedTest(org.testng.ITestResult)[pri:0, instance:tests.DestinationTest@70ab80e3]" name="failedTest" is-config="true" duration-ms="255" started-at="2022-11-30T09:55:34 IST" finished-at="2022-11-30T09:55:34 IST">
          <params>
            <param index="0">
              <value>
                <![CDATA[[TestResult name=tc05_destinationTest status=SUCCESS method=DestinationTest.tc05_destinationTest()[pri:0, instance:tests.DestinationTest@70ab80e3] output={null}]]]>
              </value>
            </param>
          </params>
          <reporter-output>
          </reporter-output>
        </test-method> <!-- failedTest -->
        <test-method status="FAIL" signature="tc06_destinationTest()[pri:0, instance:tests.DestinationTest@70ab80e3]" name="tc06_destinationTest" duration-ms="2154" started-at="2022-11-30T09:55:34 IST" finished-at="2022-11-30T09:55:36 IST">
          <exception class="java.lang.AssertionError">
            <message>
              <![CDATA[Wrong page expected [ExploreGeneva] but found [Explore Geneva]]]>
            </message>
            <full-stacktrace>
              <![CDATA[java.lang.AssertionError: Wrong page expected [ExploreGeneva] but found [Explore Geneva]
at org.testng.Assert.fail(Assert.java:110)
at org.testng.Assert.failNotEquals(Assert.java:1413)
at org.testng.Assert.assertEqualsImpl(Assert.java:149)
at org.testng.Assert.assertEquals(Assert.java:131)
at org.testng.Assert.assertEquals(Assert.java:655)
at tests.DestinationTest.tc06_destinationTest(DestinationTest.java:45)
at sun.reflect.NativeMethodAccessorImpl.invoke0(Native Method)
at sun.reflect.NativeMethodAccessorImpl.invoke(NativeMethodAccessorImpl.java:62)
at sun.reflect.DelegatingMethodAccessorImpl.invoke(DelegatingMethodAccessorImpl.java:43)
at java.lang.reflect.Method.invoke(Method.java:498)
at org.testng.internal.invokers.MethodInvocationHelper.invokeMethod(MethodInvocationHelper.java:135)
at org.testng.internal.invokers.TestInvoker.invokeMethod(TestInvoker.java:673)
at org.testng.internal.invokers.TestInvoker.invokeTestMethod(TestInvoker.java:220)
at org.testng.internal.invokers.MethodRunner.runInSequence(MethodRunner.java:50)
at org.testng.internal.invokers.TestInvoker$MethodInvocationAgent.invoke(TestInvoker.java:945)
at org.testng.internal.invokers.TestInvoker.invokeTestMethods(TestInvoker.java:193)
at org.testng.internal.invokers.TestMethodWorker.invokeTestMethods(TestMethodWorker.java:146)
at org.testng.internal.invokers.TestMethodWorker.run(TestMethodWorker.java:128)
at java.util.ArrayList.forEach(ArrayList.java:1259)
at org.testng.TestRunner.privateRun(TestRunner.java:808)
at org.testng.TestRunner.run(TestRunner.java:603)
at org.testng.SuiteRunner.runTest(SuiteRunner.java:429)
at org.testng.SuiteRunner.runSequentially(SuiteRunner.java:423)
at org.testng.SuiteRunner.privateRun(SuiteRunner.java:383)
at org.testng.SuiteRunner.run(SuiteRunner.java:326)
at org.testng.SuiteRunnerWorker.runSuite(SuiteRunnerWorker.java:52)
at org.testng.SuiteRunnerWorker.run(SuiteRunnerWorker.java:95)
at org.testng.TestNG.runSuitesSequentially(TestNG.java:1249)
at org.testng.TestNG.runSuitesLocally(TestNG.java:1169)
at org.testng.TestNG.runSuites(TestNG.java:1092)
at org.testng.TestNG.run(TestNG.java:1060)
at org.apache.maven.surefire.testng.TestNGExecutor.run(TestNGExecutor.java:324)
at org.apache.maven.surefire.testng.TestNGXmlTestSuite.execute(TestNGXmlTestSuite.java:74)
at org.apache.maven.surefire.testng.TestNGProvider.invoke(TestNGProvider.java:123)
at org.apache.maven.surefire.booter.ForkedBooter.runSuitesInProcess(ForkedBooter.java:456)
at org.apache.maven.surefire.booter.ForkedBooter.execute(ForkedBooter.java:169)
at org.apache.maven.surefire.booter.ForkedBooter.run(ForkedBooter.java:595)
at org.apache.maven.surefire.booter.ForkedBooter.main(ForkedBooter.java:581)
]]>
            </full-stacktrace>
          </exception> <!-- java.lang.AssertionError -->
          <reporter-output>
          </reporter-output>
        </test-method> <!-- tc06_destinationTest -->
        <test-method status="PASS" signature="failedTest(org.testng.ITestResult)[pri:0, instance:tests.DestinationTest@70ab80e3]" name="failedTest" is-config="true" duration-ms="235" started-at="2022-11-30T09:55:36 IST" finished-at="2022-11-30T09:55:36 IST">
          <params>
            <param index="0">
              <value>
                <![CDATA[[TestResult name=tc06_destinationTest status=FAILURE method=DestinationTest.tc06_destinationTest()[pri:0, instance:tests.DestinationTest@70ab80e3] output={null}]]]>
              </value>
            </param>
          </params>
          <reporter-output>
          </reporter-output>
        </test-method> <!-- failedTest -->
      </class> <!-- tests.DestinationTest -->
      <class name="tests.PlaningFlowTest">
        <test-method status="PASS" signature="setup()[pri:0, instance:tests.PlaningFlowTest@78461bc4]" name="setup" is-config="true" duration-ms="21760" started-at="2022-11-30T09:56:02 IST" finished-at="2022-11-30T09:56:24 IST">
          <reporter-output>
          </reporter-output>
        </test-method> <!-- setup -->
        <test-method status="PASS" signature="tc07_PlaningTest()[pri:0, instance:tests.PlaningFlowTest@78461bc4]" name="tc07_PlaningTest" duration-ms="498" started-at="2022-11-30T09:56:24 IST" finished-at="2022-11-30T09:56:24 IST">
          <reporter-output>
          </reporter-output>
        </test-method> <!-- tc07_PlaningTest -->
        <test-method status="PASS" signature="failedTest(org.testng.ITestResult)[pri:0, instance:tests.PlaningFlowTest@78461bc4]" name="failedTest" is-config="true" duration-ms="333" started-at="2022-11-30T09:56:24 IST" finished-at="2022-11-30T09:56:24 IST">
          <params>
            <param index="0">
              <value>
                <![CDATA[[TestResult name=tc07_PlaningTest status=SUCCESS method=PlaningFlowTest.tc07_PlaningTest()[pri:0, instance:tests.PlaningFlowTest@78461bc4] output={null}]]]>
              </value>
            </param>
          </params>
          <reporter-output>
          </reporter-output>
        </test-method> <!-- failedTest -->
        <test-method status="PASS" signature="tc08_planningTest()[pri:0, instance:tests.PlaningFlowTest@78461bc4]" name="tc08_planningTest" duration-ms="1693" started-at="2022-11-30T09:56:24 IST" finished-at="2022-11-30T09:56:26 IST">
          <reporter-output>
          </reporter-output>
        </test-method> <!-- tc08_planningTest -->
        <test-method status="PASS" signature="failedTest(org.testng.ITestResult)[pri:0, instance:tests.PlaningFlowTest@78461bc4]" name="failedTest" is-config="true" duration-ms="531" started-at="2022-11-30T09:56:26 IST" finished-at="2022-11-30T09:56:27 IST">
          <params>
            <param index="0">
              <value>
                <![CDATA[[TestResult name=tc08_planningTest status=SUCCESS method=PlaningFlowTest.tc08_planningTest()[pri:0, instance:tests.PlaningFlowTest@78461bc4] output={null}]]]>
              </value>
            </param>
          </params>
          <reporter-output>
          </reporter-output>
        </test-method> <!-- failedTest -->
        <test-method status="PASS" signature="tc09_planningTest()[pri:0, instance:tests.PlaningFlowTest@78461bc4]" name="tc09_planningTest" duration-ms="5698" started-at="2022-11-30T09:56:27 IST" finished-at="2022-11-30T09:56:32 IST">
          <reporter-output>
          </reporter-output>
        </test-method> <!-- tc09_planningTest -->
        <test-method status="PASS" signature="failedTest(org.testng.ITestResult)[pri:0, instance:tests.PlaningFlowTest@78461bc4]" name="failedTest" is-config="true" duration-ms="156" started-at="2022-11-30T09:56:32 IST" finished-at="2022-11-30T09:56:32 IST">
          <params>
            <param index="0">
              <value>
                <![CDATA[[TestResult name=tc09_planningTest status=SUCCESS method=PlaningFlowTest.tc09_planningTest()[pri:0, instance:tests.PlaningFlowTest@78461bc4] output={null}]]]>
              </value>
            </param>
          </params>
          <reporter-output>
          </reporter-output>
        </test-method> <!-- failedTest -->
        <test-method status="PASS" signature="tc10_planningTest()[pri:0, instance:tests.PlaningFlowTest@78461bc4]" name="tc10_planningTest" duration-ms="1854" started-at="2022-11-30T09:56:32 IST" finished-at="2022-11-30T09:56:34 IST">
          <reporter-output>
          </reporter-output>
        </test-method> <!-- tc10_planningTest -->
        <test-method status="PASS" signature="failedTest(org.testng.ITestResult)[pri:0, instance:tests.PlaningFlowTest@78461bc4]" name="failedTest" is-config="true" duration-ms="152" started-at="2022-11-30T09:56:34 IST" finished-at="2022-11-30T09:56:34 IST">
          <params>
            <param index="0">
              <value>
                <![CDATA[[TestResult name=tc10_planningTest status=SUCCESS method=PlaningFlowTest.tc10_planningTest()[pri:0, instance:tests.PlaningFlowTest@78461bc4] output={null}]]]>
              </value>
            </param>
          </params>
          <reporter-output>
          </reporter-output>
        </test-method> <!-- failedTest -->
        <test-method status="PASS" signature="tc11_planningTest()[pri:0, instance:tests.PlaningFlowTest@78461bc4]" name="tc11_planningTest" duration-ms="17610" started-at="2022-11-30T09:56:34 IST" finished-at="2022-11-30T09:56:52 IST">
          <reporter-output>
          </reporter-output>
        </test-method> <!-- tc11_planningTest -->
        <test-method status="PASS" signature="failedTest(org.testng.ITestResult)[pri:0, instance:tests.PlaningFlowTest@78461bc4]" name="failedTest" is-config="true" duration-ms="215" started-at="2022-11-30T09:56:52 IST" finished-at="2022-11-30T09:56:52 IST">
          <params>
            <param index="0">
              <value>
                <![CDATA[[TestResult name=tc11_planningTest status=SUCCESS method=PlaningFlowTest.tc11_planningTest()[pri:0, instance:tests.PlaningFlowTest@78461bc4] output={null}]]]>
              </value>
            </param>
          </params>
          <reporter-output>
          </reporter-output>
        </test-method> <!-- failedTest -->
        <test-method status="PASS" signature="tc12_planningTest()[pri:0, instance:tests.PlaningFlowTest@78461bc4]" name="tc12_planningTest" duration-ms="2523" started-at="2022-11-30T09:56:52 IST" finished-at="2022-11-30T09:56:55 IST">
          <reporter-output>
          </reporter-output>
        </test-method> <!-- tc12_planningTest -->
        <test-method status="PASS" signature="failedTest(org.testng.ITestResult)[pri:0, instance:tests.PlaningFlowTest@78461bc4]" name="failedTest" is-config="true" duration-ms="267" started-at="2022-11-30T09:56:55 IST" finished-at="2022-11-30T09:56:55 IST">
          <params>
            <param index="0">
              <value>
                <![CDATA[[TestResult name=tc12_planningTest status=SUCCESS method=PlaningFlowTest.tc12_planningTest()[pri:0, instance:tests.PlaningFlowTest@78461bc4] output={null}]]]>
              </value>
            </param>
          </params>
          <reporter-output>
          </reporter-output>
        </test-method> <!-- failedTest -->
        <test-method status="PASS" signature="tc13_planningTest()[pri:0, instance:tests.PlaningFlowTest@78461bc4]" name="tc13_planningTest" duration-ms="2635" started-at="2022-11-30T09:56:55 IST" finished-at="2022-11-30T09:56:58 IST">
          <reporter-output>
          </reporter-output>
        </test-method> <!-- tc13_planningTest -->
        <test-method status="PASS" signature="failedTest(org.testng.ITestResult)[pri:0, instance:tests.PlaningFlowTest@78461bc4]" name="failedTest" is-config="true" duration-ms="293" started-at="2022-11-30T09:56:58 IST" finished-at="2022-11-30T09:56:58 IST">
          <params>
            <param index="0">
              <value>
                <![CDATA[[TestResult name=tc13_planningTest status=SUCCESS method=PlaningFlowTest.tc13_planningTest()[pri:0, instance:tests.PlaningFlowTest@78461bc4] output={null}]]]>
              </value>
            </param>
          </params>
          <reporter-output>
          </reporter-output>
        </test-method> <!-- failedTest -->
        <test-method status="PASS" signature="tc14_planningTest()[pri:0, instance:tests.PlaningFlowTest@78461bc4]" name="tc14_planningTest" duration-ms="104" started-at="2022-11-30T09:56:58 IST" finished-at="2022-11-30T09:56:58 IST">
          <reporter-output>
          </reporter-output>
        </test-method> <!-- tc14_planningTest -->
        <test-method status="PASS" signature="failedTest(org.testng.ITestResult)[pri:0, instance:tests.PlaningFlowTest@78461bc4]" name="failedTest" is-config="true" duration-ms="243" started-at="2022-11-30T09:56:58 IST" finished-at="2022-11-30T09:56:58 IST">
          <params>
            <param index="0">
              <value>
                <![CDATA[[TestResult name=tc14_planningTest status=SUCCESS method=PlaningFlowTest.tc14_planningTest()[pri:0, instance:tests.PlaningFlowTest@78461bc4] output={null}]]]>
              </value>
            </param>
          </params>
          <reporter-output>
          </reporter-output>
        </test-method> <!-- failedTest -->
        <test-method status="PASS" signature="tc15_PlanningTest()[pri:0, instance:tests.PlaningFlowTest@78461bc4]" name="tc15_PlanningTest" duration-ms="9410" started-at="2022-11-30T09:56:58 IST" finished-at="2022-11-30T09:57:08 IST">
          <reporter-output>
          </reporter-output>
        </test-method> <!-- tc15_PlanningTest -->
        <test-method status="PASS" signature="failedTest(org.testng.ITestResult)[pri:0, instance:tests.PlaningFlowTest@78461bc4]" name="failedTest" is-config="true" duration-ms="143" started-at="2022-11-30T09:57:08 IST" finished-at="2022-11-30T09:57:08 IST">
          <params>
            <param index="0">
              <value>
                <![CDATA[[TestResult name=tc15_PlanningTest status=SUCCESS method=PlaningFlowTest.tc15_PlanningTest()[pri:0, instance:tests.PlaningFlowTest@78461bc4] output={null}]]]>
              </value>
            </param>
          </params>
          <reporter-output>
          </reporter-output>
        </test-method> <!-- failedTest -->
      </class> <!-- tests.PlaningFlowTest -->
    </test> <!-- Test -->
  </suite> <!-- Suite -->
</testng-results>
